<?xml version="1.0" encoding="UTF-8"?>
<testsuite name="TicTacToe.TicTacToeTest" tests="1" skipped="0" failures="0" errors="0" timestamp="2014-10-30T17:04:40" hostname="i-b9db7e1e" time="0.001">
  <properties/>
  <testcase name="stringAsVariableInHumanPlayerConstrustor" classname="TicTacToe.TicTacToeTest" time="0.001"/>
  <system-out><![CDATA[]]></system-out>
  <system-err><![CDATA[]]></system-err>
</testsuite>
