<?xml version="1.0" encoding="UTF-8"?>
<testsuite name="is.ru.TicTacToe.TicTacToeTest" tests="1" skipped="0" failures="0" errors="0" timestamp="2014-10-30T21:01:59" hostname="i-b9db7e1e" time="0.002">
  <properties/>
  <testcase name="stringAsVariableInHumanPlayerConstrustor" classname="is.ru.TicTacToe.TicTacToeTest" time="0.002"/>
  <system-out><![CDATA[]]></system-out>
  <system-err><![CDATA[]]></system-err>
</testsuite>
